Page hit log started.
INODE	HITS
263402	3
263403	3
263404	3
263405	3
263406	3
132310	3
263408	3
263409	3
263410	3
302140	3
263411	3
263412	3
263413	3
263414	3
263415	3
168790	9
263416	3
265878	3
265879	3
265358	3
265881	3
265882	3
265883	3
265884	22
265885	10
304122	3
302156	3
304106	3
265356	3
265887	3
265339	3
265340	3
265890	4
265357	3
265342	3
265344	3
265350	3
265351	3
265337	3
265898	3
265353	3
265343	4
265361	3
303665	3
265338	3
265341	3
267114	3
265905	3
265906	29
262410	12
265907	3
265362	3
265873	3
265910	3
265872	3
265349	3
265870	3
265347	3
265355	4
265359	3
265354	3
265918	4
265919	3
265920	6
265921	3
265922	3
265923	3
265924	3
265925	3
265926	3
265927	3
265928	4
265929	3
265930	3
265931	6
265932	3
265352	3
265345	4
265348	3
265936	3
265360	3
265938	4
265939	3
265940	3
265942	3
265943	3
265944	3
265346	3
265946	3
265947	3
265948	3
265949	3
265950	3
265951	3
265952	3
265953	4
265954	3
265955	3
265874	3
278458	30
31646	10
266682	15
136719	86
271553	6
271405	6
271758	6
271219	6
271756	6
265572	6
162126	6
136713	22
131165	43
265574	6
271088	6
271107	6
271175	6
271407	6
265573	6
271760	6
271369	6
136717	14
271127	6
271115	6
271113	6
271125	6
271099	6
271097	6
271101	6
271105	6
271381	6
271781	6
136949	6
272017	6
272013	6
272025	6
136998	12
136715	7
271919	6
271357	6
136937	22
136849	22
136964	22
136720	6
271569	6
136856	6
271092	6
271103	6
271275	6
271463	6
262408	63
272612	156
272613	72
272649	36
771	21
287407	66
1404	6
287408	18
287409	18
287410	18
287412	18
1405	6
287415	18
287411	18
287413	18
287414	18
287417	18
1398	6
287419	18
287418	18
287416	18
263033	24
263034	18
263038	18
263039	18
263041	18
263047	18
263050	18
263051	18
263052	18
263053	18
263054	18
263055	18
263056	18
263058	36
263059	30
263060	18
263061	24
263062	24
263063	18
263064	18
263065	18
263067	18
263068	18
263069	18
263070	18
263071	18
263072	18
263073	18
263074	18
263075	30
263077	24
263078	18
263079	18
263080	18
263081	18
263082	18
263083	18
263085	18
263087	18
138392	24
263088	18
263089	18
263131	18
192050	6
168463	6
192048	6
168466	6
168464	6
168467	6
168472	6
168480	6
168479	6
168470	6
168474	6
168478	6
168458	6
168465	6
1397	24
1418	6
816	10
1248	42
13785	15
14209	25
15377	45
17113	5
1274	5
1462	5
136742	5
154217	50
1261	5
271838	5
271260	5
272039	5
136883	5
153922	20
154369	50
11837	12
917873	4
153234	9
155310	6
153102	3
136718	8
271893	2
136861	2
921991	30
917869	5
1257	1
917871	5
917865	5
917863	5
917860	289
921992	11
917872	5
272387	8
922219	2
922122	2
922256	2
922123	3
922134	2
922131	2
136972	1
136846	1
922257	5
922287	2
921956	4
922301	5
921957	3
921958	2
921959	2
921960	2
921961	2
921962	2
921963	3
921964	3
921965	2
921966	2
921967	3
921968	2
921969	2
921970	2
921971	2
921972	2
921973	3
921974	2
921975	2
921976	2
921977	3
921978	2
921979	3
921980	3
921981	2
921982	2
921983	2
921984	2
921985	2
921986	2
921987	2
921988	5
922121	2
922124	2
922125	2
922126	2
922127	2
922128	2
922129	3
922130	11
922132	2
922133	2
922135	2
922136	3
922137	2
922138	9
922139	2
922140	4
922141	2
922142	2
922261	4
922151	7
922262	2
922145	2
922144	2
922263	2
922146	2
922143	2
922147	2
922148	2
922149	5
922150	3
922152	2
136833	1
922153	2
922154	3
922155	4
922156	2
922157	2
922158	2
922159	4
922160	2
922161	2
922162	2
922163	3
922164	2
922165	4
922166	2
922167	2
922168	3
922169	2
922170	2
922171	2
922172	3
922173	4
922174	3
922175	7
922176	2
922177	4
922178	2
922179	2
922180	2
922181	2
922182	2
922183	2
922184	3
922185	3
922186	3
922187	2
922188	2
922189	2
922190	2
922191	2
922192	2
922193	2
922194	2
922195	3
922196	2
922197	2
922198	2
922199	2
922200	2
922201	3
922202	2
922203	2
922204	2
922205	2
922206	4
922207	2
922208	13
922209	2
922210	2
922211	2
922212	4
922213	4
922214	3
920179	3
922007	2
262427	27
136728	8
262394	6
262396	12
136710	1
565128	10
563624	8
921767	2
155672	60
922300	5
922103	2
922102	2
922215	2
922224	2
922285	2
922220	2
922258	2
153433	3
153430	4
33395	1
153427	2
17139	3
18675	3
20386	3
31316	8
766	3
28682	3
20399	3
30890	3
31608	27
32181	7
28683	3
32183	11
3571	3
788	3
3568	3
31577	8
741	3
28684	3
813	7
17571	9
817	3
13892	21
825	15
782	6
783	5
814	2
11749	24
11748	8
15569	2
153303	2
153271	2
917507	22
131101	51
33833	3
32176	2
33830	8
1048591	2
31571	2
31489	125
31567	2
31040	2
31569	2
131161	24
136816	14
136824	14
917759	4
917798	332
917801	356
917803	416
917804	4
917754	3
917755	3
917756	205
917757	3
917758	3
917760	3
917799	173
917800	138
917802	3
917805	3
917814	1
917816	165
917819	177
917821	207
917822	1
30976	3
131225	41
303684	18
136982	6
271456	6
271814	6
265857	18
264419	24
20597	24
294007	18
1049966	48
1049738	48
1049735	120
17782	240
17781	24
1052083	24
1052085	36
1049718	24
1051190	24
1052168	30
1052143	42
1052160	54
1052155	30
1052156	24
1052154	30
1052150	36
1052162	42
1052161	42
1052159	36
1052151	36
1052153	24
1052157	24
1052163	36
1052152	24
1052158	24
1052145	54
1052165	24
1052166	36
1052333	48
1049422	24
1049431	24
1049421	30
1049427	36
1049426	12
1049428	24
1049430	24
1049425	36
1049423	24
1049424	24
136712	7
136707	7
136716	7
19957	12
33832	27
1049721	51
131148	6
266777	3
267104	3
270983	1
136924	1
136826	1
262994	3
262449	6
264324	6
263466	3
265973	1
263292	6
266009	1
136804	1
265971	1
265992	1
265969	1
136837	1
263399	6
263448	3
266008	1
263458	3
263447	3
263446	3
265398	1
162576	1
136926	1
186456	1
Page hit log stopped.
